
> pixelette_marketing@0.1.0 build
> next build

   ▲ Next.js 15.5.18

   Creating an optimized production build ...
 ✓ Compiled successfully in 1942ms
   Linting and checking validity of types ...
   Collecting page data ...
   Generating static pages (0/10) ...
   Generating static pages (2/10) 
   Generating static pages (4/10) 
   Generating static pages (7/10) 
 ✓ Generating static pages (10/10)
   Finalizing page optimization ...
   Collecting build traces ...

Route (app)                                 Size  First Load JS
┌ ○ /                                     1.2 kB         226 kB
├ ○ /_not-found                            993 B         103 kB
├ ○ /aboutus                               224 B         225 kB
├ ○ /blog-list                           2.99 kB         228 kB
├ ƒ /blog/[id]                           2.89 kB         228 kB
├ ○ /contactus                             224 B         225 kB
├ ƒ /industries/[slug]                     224 B         225 kB
├ ○ /robots.txt                            127 B         103 kB
├ ƒ /services/[slug]                     5.03 kB         230 kB
├ ○ /sitemap.xml                           127 B         103 kB
├ ƒ /story/[id]                          2.59 kB         228 kB
└ ○ /success_stories                     3.22 kB         228 kB
+ First Load JS shared by all             102 kB
  ├ chunks/255-4f84124391a7dac4.js       46.2 kB
  ├ chunks/4bd1b696-c023c6e3521b1417.js  54.2 kB
  └ other shared chunks (total)          2.02 kB


○  (Static)   prerendered as static content
ƒ  (Dynamic)  server-rendered on demand

